<?xml version="1.0" encoding="UTF-8"?>
<!-- Generated by org.testng.reporters.JUnitReportReporter -->
<testsuite hostname="senthilvenu" name="TestingFramework.TestCase_01" tests="1" failures="0" timestamp="5 Oct 2018 16:44:14 GMT" time="0.018" errors="0">
  <testcase name="TestCase" time="0.018" classname="TestingFramework.TestCase_01"/>
</testsuite> <!-- TestingFramework.TestCase_01 -->
