<?xml version="1.0" encoding="UTF-8"?>
<!-- Generated by org.testng.reporters.JUnitReportReporter -->
<testsuite hostname="senthilvenu" name="TestingFramework.TestCase_01" tests="1" failures="0" timestamp="17 Aug 2021 17:46:12 GMT" time="0.164" errors="0">
  <testcase name="TestCase" time="0.164" classname="TestingFramework.TestCase_01"/>
</testsuite> <!-- TestingFramework.TestCase_01 -->
