<?xml version="1.0" encoding="UTF-8"?>
<!-- Generated by org.testng.reporters.JUnitReportReporter -->
<testsuite hostname="senthilvenu" name="Pages.Test2" tests="2" failures="0" timestamp="16 Oct 2018 20:01:22 GMT" time="0.031" errors="0">
  <testcase name="sampletTest2" time="0.002" classname="Pages.Test2"/>
  <testcase name="sampleTest" time="0.029" classname="Pages.Test2"/>
</testsuite> <!-- Pages.Test2 -->
