<?xml version="1.0" encoding="UTF-8"?>
<!-- Generated by org.testng.reporters.JUnitReportReporter -->
<testsuite hostname="senthilvenu" name="Pages.Test1" tests="2" failures="0" timestamp="6 Aug 2020 13:17:35 GMT" time="0.079" errors="0">
  <testcase name="sampletTest2" time="0.032" classname="Pages.Test1"/>
  <testcase name="sampleTest" time="0.047" classname="Pages.Test1"/>
</testsuite> <!-- Pages.Test1 -->
