<?xml version="1.0" encoding="UTF-8"?>
<!-- Generated by org.testng.reporters.JUnitReportReporter -->
<testsuite hostname="senthilvenu" name="TestingFramework.TestCase_02" tests="1" failures="0" timestamp="15 Oct 2018 04:16:25 GMT" time="0.004" errors="0">
  <testcase name="TestCase" time="0.004" classname="TestingFramework.TestCase_02"/>
</testsuite> <!-- TestingFramework.TestCase_02 -->
