<?xml version="1.0" encoding="UTF-8"?>
<!-- Generated by org.testng.reporters.JUnitReportReporter -->
<testsuite hostname="senthilvenu" name="TestingFramework.TestCase_03" tests="1" failures="0" timestamp="5 Oct 2018 16:44:14 GMT" time="0.004" errors="0">
  <testcase name="TestCase" time="0.004" classname="TestingFramework.TestCase_03"/>
</testsuite> <!-- TestingFramework.TestCase_03 -->
