<?xml version="1.0" encoding="UTF-8"?>
<!-- Generated by org.testng.reporters.JUnitReportReporter -->
<testsuite hostname="senthilvenu" name="Pages.Test1" tests="2" failures="0" timestamp="15 Oct 2018 04:03:01 GMT" time="0.028" errors="0">
  <testcase name="sampletTest2" time="0.008" classname="Pages.Test1"/>
  <testcase name="sampleTest" time="0.020" classname="Pages.Test1"/>
</testsuite> <!-- Pages.Test1 -->
