<?xml version="1.0" encoding="UTF-8"?>
<!-- Generated by org.testng.reporters.JUnitReportReporter -->
<testsuite hostname="senthilvenu" name="TestingFramework.Test1" tests="2" failures="0" timestamp="5 Oct 2018 15:46:46 GMT" time="0.031" errors="0">
  <testcase name="sampletTest2" time="0.016" classname="TestingFramework.Test1"/>
  <testcase name="sampleTest" time="0.015" classname="TestingFramework.Test1"/>
</testsuite> <!-- TestingFramework.Test1 -->
