<?xml version="1.0" encoding="UTF-8"?>
<!-- Generated by org.testng.reporters.JUnitReportReporter -->
<testsuite hostname="senthilvenu" name="Pages.Test1" tests="1" failures="0" timestamp="5 Oct 2018 16:37:32 GMT" time="0.026" errors="0">
  <testcase name="sampletTest2" time="0.026" classname="Pages.Test1"/>
</testsuite> <!-- Pages.Test1 -->
