<?xml version="1.0" encoding="UTF-8"?>
<!-- Generated by org.testng.reporters.JUnitReportReporter -->
<testsuite hostname="senthilvenu" name="TestingFramework.Test1" tests="2" failures="0" timestamp="8 Jul 2018 15:30:05 GMT" time="0.008" errors="0">
  <testcase name="sampleTest" time="0.008" classname="TestingFramework.Test1"/>
  <testcase name="sampletTest2" time="0.000" classname="TestingFramework.Test1"/>
</testsuite> <!-- TestingFramework.Test1 -->
