<?xml version="1.0" encoding="UTF-8"?>
<!-- Generated by org.testng.reporters.JUnitReportReporter -->
<testsuite hostname="senthilvenu" name="TestingFramework.Test2" tests="2" failures="0" timestamp="8 Jul 2018 15:32:00 GMT" time="0.000" errors="0">
  <testcase name="sampleTest" time="0.000" classname="TestingFramework.Test2"/>
  <testcase name="sampletTest2" time="0.000" classname="TestingFramework.Test2"/>
</testsuite> <!-- TestingFramework.Test2 -->
